This file contains any messages produced by compilers while
running configure, to aid debugging if configure makes a mistake.

It was created by DataMiplib3 configure 1.2.6, which was
generated by GNU Autoconf 2.59.  Invocation command line was

  $ ./configure --prefix=/home/yan/Desktop/coin-Cbc -C --cache-file=../../config.cache --srcdir=.

## --------- ##
## Platform. ##
## --------- ##

hostname = yan-VirtualBox
uname -m = x86_64
uname -r = 3.13.0-24-generic
uname -s = Linux
uname -v = #46-Ubuntu SMP Thu Apr 10 19:11:08 UTC 2014

/usr/bin/uname -p = unknown
/bin/uname -X     = unknown

/bin/arch              = unknown
/usr/bin/arch -k       = unknown
/usr/convex/getsysinfo = unknown
hostinfo               = unknown
/bin/machine           = unknown
/usr/bin/oslevel       = unknown
/bin/universe          = unknown

PATH: /usr/local/sbin
PATH: /usr/local/bin
PATH: /usr/sbin
PATH: /usr/bin
PATH: /sbin
PATH: /bin
PATH: /usr/games
PATH: /usr/local/games


## ----------- ##
## Core tests. ##
## ----------- ##

configure:1238: loading cache ../../config.cache
configure:1407: checking for svnversion
configure:1434: result: yes
configure:1467: checking for egrep
configure:1477: result: grep -E
configure:1482: checking whether ln -s works
configure:1486: result: yes
configure:1532: checking for a BSD-compatible install
configure:1587: result: /usr/bin/install -c
configure:1598: checking whether build environment is sane
configure:1641: result: yes
configure:1706: checking for gawk
configure:1732: result: mawk
configure:1742: checking whether make sets $(MAKE)
configure:1762: result: yes
configure:1935: checking whether to enable maintainer-specific portions of Makefiles
configure:1944: result: no
configure:2344: checking for style of include used by make
configure:2372: result: GNU
configure:2443: checking for gcc
configure:2469: result: gcc
configure:2713: checking for C compiler version
configure:2716: gcc --version </dev/null >&5
gcc (Ubuntu 4.8.2-19ubuntu1) 4.8.2
Copyright (C) 2013 Free Software Foundation, Inc.
This is free software; see the source for copying conditions.  There is NO
warranty; not even for MERCHANTABILITY or FITNESS FOR A PARTICULAR PURPOSE.

configure:2719: $? = 0
configure:2721: gcc -v </dev/null >&5
Using built-in specs.
COLLECT_GCC=gcc
COLLECT_LTO_WRAPPER=/usr/lib/gcc/x86_64-linux-gnu/4.8/lto-wrapper
Target: x86_64-linux-gnu
Configured with: ../src/configure -v --with-pkgversion='Ubuntu 4.8.2-19ubuntu1' --with-bugurl=file:///usr/share/doc/gcc-4.8/README.Bugs --enable-languages=c,c++,java,go,d,fortran,objc,obj-c++ --prefix=/usr --program-suffix=-4.8 --enable-shared --enable-linker-build-id --libexecdir=/usr/lib --without-included-gettext --enable-threads=posix --with-gxx-include-dir=/usr/include/c++/4.8 --libdir=/usr/lib --enable-nls --with-sysroot=/ --enable-clocale=gnu --enable-libstdcxx-debug --enable-libstdcxx-time=yes --enable-gnu-unique-object --disable-libmudflap --enable-plugin --with-system-zlib --disable-browser-plugin --enable-java-awt=gtk --enable-gtk-cairo --with-java-home=/usr/lib/jvm/java-1.5.0-gcj-4.8-amd64/jre --enable-java-home --with-jvm-root-dir=/usr/lib/jvm/java-1.5.0-gcj-4.8-amd64 --with-jvm-jar-dir=/usr/lib/jvm-exports/java-1.5.0-gcj-4.8-amd64 --with-arch-directory=amd64 --with-ecj-jar=/usr/share/java/eclipse-ecj.jar --enable-objc-gc --enable-multiarch --disable-werror --with-arch-32=i686 --with-abi=m64 --with-multilib-list=m32,m64,mx32 --with-tune=generic --enable-checking=release --build=x86_64-linux-gnu --host=x86_64-linux-gnu --target=x86_64-linux-gnu
Thread model: posix
gcc version 4.8.2 (Ubuntu 4.8.2-19ubuntu1) 
configure:2724: $? = 0
configure:2726: gcc -V </dev/null >&5
gcc: error: unrecognized command line option '-V'
gcc: fatal error: no input files
compilation terminated.
configure:2729: $? = 4
configure:2752: checking for C compiler default output file name
configure:2755: gcc    conftest.c  >&5
configure:2758: $? = 0
configure:2804: result: a.out
configure:2809: checking whether the C compiler works
configure:2815: ./a.out
configure:2818: $? = 0
configure:2835: result: yes
configure:2842: checking whether we are cross compiling
configure:2844: result: no
configure:2847: checking for suffix of executables
configure:2849: gcc -o conftest    conftest.c  >&5
configure:2852: $? = 0
configure:2877: result: 
configure:2883: checking for suffix of object files
configure:2929: result: o
configure:2933: checking whether we are using the GNU C compiler
configure:2989: result: yes
configure:2995: checking whether gcc accepts -g
configure:3046: result: yes
configure:3063: checking for gcc option to accept ANSI C
configure:3170: result: none needed
configure:3188: gcc -c -g -O2  conftest.c >&5
conftest.c:2:3: error: unknown type name 'choke'
   choke me
   ^
conftest.c:2:3: error: expected '=', ',', ';', 'asm' or '__attribute__' at end of input
configure:3194: $? = 1
configure: failed program was:
| #ifndef __cplusplus
|   choke me
| #endif
configure:3329: checking dependency style of gcc
configure:3419: result: gcc3
configure:3442: checking how to run the C preprocessor
configure:3560: result: gcc -E
configure:3584: gcc -E  conftest.c
configure:3590: $? = 0
configure:3622: gcc -E  conftest.c
conftest.c:16:28: fatal error: ac_nonexistent.h: No such file or directory
 #include <ac_nonexistent.h>
                            ^
compilation terminated.
configure:3628: $? = 1
configure: failed program was:
| /* confdefs.h.  */
| 
| #define PACKAGE_NAME "DataMiplib3"
| #define PACKAGE_TARNAME "datamiplib3"
| #define PACKAGE_VERSION "1.2.6"
| #define PACKAGE_STRING "DataMiplib3 1.2.6"
| #define PACKAGE_BUGREPORT "https://projects.coin-or.org/BuildTools/"
| #define DATAMIPLIB3_VERSION "1.2.6"
| #define DATAMIPLIB3_VERSION_MAJOR 1
| #define DATAMIPLIB3_VERSION_MINOR 2
| #define DATAMIPLIB3_VERSION_RELEASE 6
| #define DATAMIPLIB3_SVN_REV 435
| #define PACKAGE "datamiplib3"
| #define VERSION "1.2.6"
| /* end confdefs.h.  */
| #include <ac_nonexistent.h>
configure:3672: checking for ANSI C header files
configure:3828: result: yes
configure:3852: checking for sys/types.h
configure:3898: result: yes
configure:3852: checking for sys/stat.h
configure:3898: result: yes
configure:3852: checking for stdlib.h
configure:3898: result: yes
configure:3852: checking for string.h
configure:3898: result: yes
configure:3852: checking for memory.h
configure:3898: result: yes
configure:3852: checking for strings.h
configure:3898: result: yes
configure:3852: checking for inttypes.h
configure:3898: result: yes
configure:3852: checking for stdint.h
configure:3898: result: yes
configure:3852: checking for unistd.h
configure:3898: result: yes
configure:3947: checking zlib.h usability
configure:3959: gcc -c -g -O2  conftest.c >&5
conftest.c:60:18: fatal error: zlib.h: No such file or directory
 #include <zlib.h>
                  ^
compilation terminated.
configure:3965: $? = 1
configure: failed program was:
| /* confdefs.h.  */
| 
| #define PACKAGE_NAME "DataMiplib3"
| #define PACKAGE_TARNAME "datamiplib3"
| #define PACKAGE_VERSION "1.2.6"
| #define PACKAGE_STRING "DataMiplib3 1.2.6"
| #define PACKAGE_BUGREPORT "https://projects.coin-or.org/BuildTools/"
| #define DATAMIPLIB3_VERSION "1.2.6"
| #define DATAMIPLIB3_VERSION_MAJOR 1
| #define DATAMIPLIB3_VERSION_MINOR 2
| #define DATAMIPLIB3_VERSION_RELEASE 6
| #define DATAMIPLIB3_SVN_REV 435
| #define PACKAGE "datamiplib3"
| #define VERSION "1.2.6"
| #define STDC_HEADERS 1
| #define HAVE_SYS_TYPES_H 1
| #define HAVE_SYS_STAT_H 1
| #define HAVE_STDLIB_H 1
| #define HAVE_STRING_H 1
| #define HAVE_MEMORY_H 1
| #define HAVE_STRINGS_H 1
| #define HAVE_INTTYPES_H 1
| #define HAVE_STDINT_H 1
| #define HAVE_UNISTD_H 1
| /* end confdefs.h.  */
| #include <stdio.h>
| #if HAVE_SYS_TYPES_H
| # include <sys/types.h>
| #endif
| #if HAVE_SYS_STAT_H
| # include <sys/stat.h>
| #endif
| #if STDC_HEADERS
| # include <stdlib.h>
| # include <stddef.h>
| #else
| # if HAVE_STDLIB_H
| #  include <stdlib.h>
| # endif
| #endif
| #if HAVE_STRING_H
| # if !STDC_HEADERS && HAVE_MEMORY_H
| #  include <memory.h>
| # endif
| # include <string.h>
| #endif
| #if HAVE_STRINGS_H
| # include <strings.h>
| #endif
| #if HAVE_INTTYPES_H
| # include <inttypes.h>
| #else
| # if HAVE_STDINT_H
| #  include <stdint.h>
| # endif
| #endif
| #if HAVE_UNISTD_H
| # include <unistd.h>
| #endif
| #include <zlib.h>
configure:3988: result: no
configure:3992: checking zlib.h presence
configure:4002: gcc -E  conftest.c
conftest.c:26:18: fatal error: zlib.h: No such file or directory
 #include <zlib.h>
                  ^
compilation terminated.
configure:4008: $? = 1
configure: failed program was:
| /* confdefs.h.  */
| 
| #define PACKAGE_NAME "DataMiplib3"
| #define PACKAGE_TARNAME "datamiplib3"
| #define PACKAGE_VERSION "1.2.6"
| #define PACKAGE_STRING "DataMiplib3 1.2.6"
| #define PACKAGE_BUGREPORT "https://projects.coin-or.org/BuildTools/"
| #define DATAMIPLIB3_VERSION "1.2.6"
| #define DATAMIPLIB3_VERSION_MAJOR 1
| #define DATAMIPLIB3_VERSION_MINOR 2
| #define DATAMIPLIB3_VERSION_RELEASE 6
| #define DATAMIPLIB3_SVN_REV 435
| #define PACKAGE "datamiplib3"
| #define VERSION "1.2.6"
| #define STDC_HEADERS 1
| #define HAVE_SYS_TYPES_H 1
| #define HAVE_SYS_STAT_H 1
| #define HAVE_STDLIB_H 1
| #define HAVE_STRING_H 1
| #define HAVE_MEMORY_H 1
| #define HAVE_STRINGS_H 1
| #define HAVE_INTTYPES_H 1
| #define HAVE_STDINT_H 1
| #define HAVE_UNISTD_H 1
| /* end confdefs.h.  */
| #include <zlib.h>
configure:4028: result: no
configure:4063: checking for zlib.h
configure:4070: result: no
configure:4185: checking whether this is a VPATH configuration
configure:4192: result: no
configure:4201: checking build system type
configure:4219: result: x86_64-unknown-linux-gnu
configure:4338: checking which command should be used to link input files
configure:4346: result: ln -s
configure:4564: creating ./config.status

## ---------------------- ##
## Running config.status. ##
## ---------------------- ##

This file was extended by DataMiplib3 config.status 1.2.6, which was
generated by GNU Autoconf 2.59.  Invocation command line was

  CONFIG_FILES    = 
  CONFIG_HEADERS  = 
  CONFIG_LINKS    = 
  CONFIG_COMMANDS = 
  $ ./config.status 

on yan-VirtualBox

config.status:715: creating Makefile
config.status:715: creating coindatamiplib3.pc
config.status:715: creating coindatamiplib3-uninstalled.pc
config.status:898: executing depfiles commands
configure:5686: In case of trouble, first consult the troubleshooting page at https://projects.coin-or.org/BuildTools/wiki/user-troubleshooting
configure:5689: Configuration of DataMiplib3 successful

## ---------------- ##
## Cache variables. ##
## ---------------- ##

ac_cv_build=x86_64-unknown-linux-gnu
ac_cv_build_alias=x86_64-unknown-linux-gnu
ac_cv_c_compiler_gnu=yes
ac_cv_cxx_compiler_gnu=yes
ac_cv_env_ADD_CFLAGS_set=
ac_cv_env_ADD_CFLAGS_value=
ac_cv_env_ADD_CXXFLAGS_set=
ac_cv_env_ADD_CXXFLAGS_value=
ac_cv_env_ADD_FFLAGS_set=
ac_cv_env_ADD_FFLAGS_value=
ac_cv_env_CC_set=
ac_cv_env_CC_value=
ac_cv_env_CDEFS_set=
ac_cv_env_CDEFS_value=
ac_cv_env_CFLAGS_set=
ac_cv_env_CFLAGS_value=
ac_cv_env_COIN_SKIP_PROJECTS_set=
ac_cv_env_COIN_SKIP_PROJECTS_value=
ac_cv_env_CPPFLAGS_set=
ac_cv_env_CPPFLAGS_value=
ac_cv_env_CPP_set=
ac_cv_env_CPP_value=
ac_cv_env_CXXCPP_set=
ac_cv_env_CXXCPP_value=
ac_cv_env_CXXDEFS_set=
ac_cv_env_CXXDEFS_value=
ac_cv_env_CXXFLAGS_set=
ac_cv_env_CXXFLAGS_value=
ac_cv_env_CXX_set=
ac_cv_env_CXX_value=
ac_cv_env_DBG_CFLAGS_set=
ac_cv_env_DBG_CFLAGS_value=
ac_cv_env_DBG_CXXFLAGS_set=
ac_cv_env_DBG_CXXFLAGS_value=
ac_cv_env_DBG_FFLAGS_set=
ac_cv_env_DBG_FFLAGS_value=
ac_cv_env_F77_set=
ac_cv_env_F77_value=
ac_cv_env_FFLAGS_set=
ac_cv_env_FFLAGS_value=
ac_cv_env_LDFLAGS_set=
ac_cv_env_LDFLAGS_value=
ac_cv_env_MPICC_set=
ac_cv_env_MPICC_value=
ac_cv_env_MPICXX_set=
ac_cv_env_MPICXX_value=
ac_cv_env_MPIF77_set=
ac_cv_env_MPIF77_value=
ac_cv_env_OPT_CFLAGS_set=
ac_cv_env_OPT_CFLAGS_value=
ac_cv_env_OPT_CXXFLAGS_set=
ac_cv_env_OPT_CXXFLAGS_value=
ac_cv_env_OPT_FFLAGS_set=
ac_cv_env_OPT_FFLAGS_value=
ac_cv_env_build_alias_set=
ac_cv_env_build_alias_value=
ac_cv_env_host_alias_set=
ac_cv_env_host_alias_value=
ac_cv_env_target_alias_set=
ac_cv_env_target_alias_value=
ac_cv_exeext=
ac_cv_header_dlfcn_h=yes
ac_cv_header_inttypes_h=yes
ac_cv_header_memory_h=yes
ac_cv_header_stdc=yes
ac_cv_header_stdint_h=yes
ac_cv_header_stdlib_h=yes
ac_cv_header_string_h=yes
ac_cv_header_strings_h=yes
ac_cv_header_sys_stat_h=yes
ac_cv_header_sys_types_h=yes
ac_cv_header_unistd_h=yes
ac_cv_header_zlib_h=no
ac_cv_host=x86_64-unknown-linux-gnu
ac_cv_host_alias=x86_64-unknown-linux-gnu
ac_cv_objext=o
ac_cv_path_install='/usr/bin/install -c'
ac_cv_prog_AWK=mawk
ac_cv_prog_CPP='gcc -E'
ac_cv_prog_CXXCPP='g++ -E'
ac_cv_prog_ac_ct_AR=ar
ac_cv_prog_ac_ct_CC=gcc
ac_cv_prog_ac_ct_CXX=g++
ac_cv_prog_ac_ct_RANLIB=ranlib
ac_cv_prog_ac_ct_STRIP=strip
ac_cv_prog_cc_g=yes
ac_cv_prog_cc_stdc=
ac_cv_prog_coin_doxy_usedot=NO
ac_cv_prog_coin_have_doxygen=no
ac_cv_prog_coin_have_latex=no
ac_cv_prog_cxx_g=yes
ac_cv_prog_egrep='grep -E'
ac_cv_prog_have_svnversion=yes
ac_cv_prog_make_make_set=yes
am_cv_CC_dependencies_compiler_type=gcc3
am_cv_CXX_dependencies_compiler_type=gcc3
lt_cv_deplibs_check_method=pass_all
lt_cv_file_magic_cmd='$MAGIC_CMD'
lt_cv_file_magic_test_file=
lt_cv_ld_reload_flag=-r
lt_cv_objdir=.libs
lt_cv_path_LD=/usr/bin/ld
lt_cv_path_LDCXX='/usr/bin/ld -m elf_x86_64'
lt_cv_path_NM='/usr/bin/nm -B'
lt_cv_path_SED=/bin/sed
lt_cv_prog_compiler_c_o=yes
lt_cv_prog_compiler_c_o_CXX=yes
lt_cv_prog_compiler_c_o_F77=no
lt_cv_prog_compiler_rtti_exceptions=no
lt_cv_prog_gnu_ld=yes
lt_cv_prog_gnu_ldcxx=yes
lt_cv_sys_global_symbol_pipe='sed -n -e '\''s/^.*[ 	]\([ABCDGIRSTW][ABCDGIRSTW]*\)[ 	][ 	]*\([_A-Za-z][_A-Za-z0-9]*\)$/\1 \2 \2/p'\'''
lt_cv_sys_global_symbol_to_c_name_address='sed -n -e '\''s/^: \([^ ]*\) $/  {\"\1\", (lt_ptr) 0},/p'\'' -e '\''s/^[BCDEGRST] \([^ ]*\) \([^ ]*\)$/  {"\2", (lt_ptr) \&\2},/p'\'''
lt_cv_sys_global_symbol_to_cdecl='sed -n -e '\''s/^. .* \(.*\)$/extern int \1;/p'\'''
lt_cv_sys_max_cmd_len=32768
lt_lt_cv_prog_compiler_c_o='"yes"'
lt_lt_cv_prog_compiler_c_o_CXX='"yes"'
lt_lt_cv_prog_compiler_c_o_F77='"no"'
lt_lt_cv_sys_global_symbol_pipe='"sed -n -e '\''s/^.*[ 	]\\([ABCDGIRSTW][ABCDGIRSTW]*\\)[ 	][ 	]*\\([_A-Za-z][_A-Za-z0-9]*\\)\$/\\1 \\2 \\2/p'\''"'
lt_lt_cv_sys_global_symbol_to_c_name_address='"sed -n -e '\''s/^: \\([^ ]*\\) \$/  {\\\"\\1\\\", (lt_ptr) 0},/p'\'' -e '\''s/^[BCDEGRST] \\([^ ]*\\) \\([^ ]*\\)\$/  {\"\\2\", (lt_ptr) \\&\\2},/p'\''"'
lt_lt_cv_sys_global_symbol_to_cdecl='"sed -n -e '\''s/^. .* \\(.*\\)\$/extern int \\1;/p'\''"'

## ----------------- ##
## Output variables. ##
## ----------------- ##

ABSBUILDDIR='/home/yan/Desktop/coin-Cbc/Data/miplib3'
ACLOCAL='${SHELL} /home/yan/Desktop/coin-Cbc/Data/miplib3/missing --run aclocal-1.9'
ALWAYS_FALSE_FALSE=''
ALWAYS_FALSE_TRUE='#'
AMDEPBACKSLASH='\'
AMDEP_FALSE='#'
AMDEP_TRUE=''
AMTAR='${SHELL} /home/yan/Desktop/coin-Cbc/Data/miplib3/missing --run tar'
AUTOCONF='${SHELL} /home/yan/Desktop/coin-Cbc/Data/miplib3/missing --run autoconf'
AUTOHEADER='${SHELL} /home/yan/Desktop/coin-Cbc/Data/miplib3/missing --run autoheader'
AUTOMAKE='${SHELL} /home/yan/Desktop/coin-Cbc/Data/miplib3/missing --run automake-1.9'
AUX_DIR=''
AWK='mawk'
BUILDTOOLSDIR=''
CC='gcc'
CCDEPMODE='depmode=gcc3'
CFLAGS='-g -O2'
COIN_HAS_ZLIB_FALSE=''
COIN_HAS_ZLIB_TRUE='#'
CPP='gcc -E'
CPPFLAGS=''
CYGPATH_W='echo'
DATAMIPLIB3_SVN_REV='435'
DEFS='-DPACKAGE_NAME=\"DataMiplib3\" -DPACKAGE_TARNAME=\"datamiplib3\" -DPACKAGE_VERSION=\"1.2.6\" -DPACKAGE_STRING=\"DataMiplib3\ 1.2.6\" -DPACKAGE_BUGREPORT=\"https://projects.coin-or.org/BuildTools/\" -DDATAMIPLIB3_VERSION=\"1.2.6\" -DDATAMIPLIB3_VERSION_MAJOR=1 -DDATAMIPLIB3_VERSION_MINOR=2 -DDATAMIPLIB3_VERSION_RELEASE=6 -DDATAMIPLIB3_SVN_REV=435 -DPACKAGE=\"datamiplib3\" -DVERSION=\"1.2.6\" -DSTDC_HEADERS=1 -DHAVE_SYS_TYPES_H=1 -DHAVE_SYS_STAT_H=1 -DHAVE_STDLIB_H=1 -DHAVE_STRING_H=1 -DHAVE_MEMORY_H=1 -DHAVE_STRINGS_H=1 -DHAVE_INTTYPES_H=1 -DHAVE_STDINT_H=1 -DHAVE_UNISTD_H=1 '
DEPDIR='.deps'
ECHO_C=''
ECHO_N='-n'
ECHO_T=''
EGREP='grep -E'
EXAMPLE_CLEAN_FILES=''
EXAMPLE_FILES=' 10teams.gz air03.gz air04.gz air05.gz arki001.gz bell3a.gz bell5.gz blend2.gz cap6000.gz dano3mip.gz danoint.gz dcmulti.gz dsbmip.gz egout.gz enigma.gz fast0507.gz fiber.gz fixnet6.gz flugpl.gz gen.gz gesa2.gz gesa2_o.gz gesa3.gz gesa3_o.gz gt2.gz harp2.gz khb05250.gz l152lav.gz lseu.gz markshare1.gz markshare2.gz mas74.gz mas76.gz miplib3.cat misc03.gz misc06.gz misc07.gz mitre.gz mkc.gz mod008.gz mod010.gz mod011.gz modglob.gz noswot.gz nw04.gz p0033.gz p0201.gz p0282.gz p0548.gz p2756.gz pk1.gz pp08a.gz pp08aCUTS.gz qiu.gz qnet1.gz qnet1_o.gz rentacar.gz rgn.gz rout.gz set1ch.gz seymour.gz stein27.gz stein45.gz swath.gz vpm1.gz vpm2.gz'
EXAMPLE_UNCOMPRESSED_FILES=' 10teams air03 air04 air05 arki001 bell3a bell5 blend2 cap6000 dano3mip danoint dcmulti dsbmip egout enigma fast0507 fiber fixnet6 flugpl gen gesa2 gesa2_o gesa3 gesa3_o gt2 harp2 khb05250 l152lav lseu markshare1 markshare2 mas74 mas76 misc03 misc06 misc07 mitre mkc mod008 mod010 mod011 modglob noswot nw04 p0033 p0201 p0282 p0548 p2756 pk1 pp08a pp08aCUTS qiu qnet1 qnet1_o rentacar rgn rout set1ch seymour stein27 stein45 swath vpm1 vpm2'
EXEEXT=''
HAVE_EXTERNALS_FALSE=''
HAVE_EXTERNALS_TRUE='#'
INSTALL_DATA='${INSTALL} -m 644'
INSTALL_PROGRAM='${INSTALL}'
INSTALL_SCRIPT='${INSTALL}'
INSTALL_STRIP_PROGRAM='${SHELL} $(install_sh) -c -s'
LDFLAGS=''
LIBEXT='a'
LIBOBJS=''
LIBS=''
LIBTOOLM4=''
LN_S='ln -s'
LTLIBOBJS=''
MAINT='#'
MAINTAINER_MODE_FALSE=''
MAINTAINER_MODE_TRUE='#'
MAKEINFO='${SHELL} /home/yan/Desktop/coin-Cbc/Data/miplib3/missing --run makeinfo'
OBJEXT='o'
PACKAGE='datamiplib3'
PACKAGE_BUGREPORT='https://projects.coin-or.org/BuildTools/'
PACKAGE_NAME='DataMiplib3'
PACKAGE_STRING='DataMiplib3 1.2.6'
PACKAGE_TARNAME='datamiplib3'
PACKAGE_VERSION='1.2.6'
PATH_SEPARATOR=':'
SET_MAKE=''
SHELL='/bin/bash'
STRIP=''
VERSION='1.2.6'
VPATH_DISTCLEANFILES=''
abs_bin_dir='/home/yan/Desktop/coin-Cbc/bin'
abs_include_dir='/home/yan/Desktop/coin-Cbc/include'
abs_lib_dir='/home/yan/Desktop/coin-Cbc/lib'
abs_source_dir='/home/yan/Desktop/coin-Cbc/Data/miplib3'
ac_ct_CC='gcc'
ac_ct_STRIP=''
am__fastdepCC_FALSE='#'
am__fastdepCC_TRUE=''
am__include='include'
am__leading_dot='.'
am__quote=''
am__tar='${AMTAR} chof - "$$tardir"'
am__untar='${AMTAR} xf -'
bindir='${exec_prefix}/bin'
build='x86_64-unknown-linux-gnu'
build_alias=''
build_cpu='x86_64'
build_os='linux-gnu'
build_vendor='unknown'
datadir='${prefix}/share'
exec_prefix='${prefix}'
have_autoconf=''
have_automake=''
have_svn=''
have_svnversion='yes'
host_alias=''
includedir='${prefix}/include'
infodir='${prefix}/info'
install_sh='/home/yan/Desktop/coin-Cbc/Data/miplib3/install-sh'
libdir='${exec_prefix}/lib'
libexecdir='${exec_prefix}/libexec'
localstatedir='${prefix}/var'
mandir='${prefix}/man'
mkdir_p='mkdir -p --'
oldincludedir='/usr/include'
prefix='/home/yan/Desktop/coin-Cbc'
program_transform_name='s,x,x,'
sbindir='${exec_prefix}/sbin'
sharedstatedir='${prefix}/com'
sysconfdir='${prefix}/etc'
target_alias=''

## ----------- ##
## confdefs.h. ##
## ----------- ##

#define DATAMIPLIB3_SVN_REV 435
#define DATAMIPLIB3_VERSION "1.2.6"
#define DATAMIPLIB3_VERSION_MAJOR 1
#define DATAMIPLIB3_VERSION_MINOR 2
#define DATAMIPLIB3_VERSION_RELEASE 6
#define HAVE_INTTYPES_H 1
#define HAVE_MEMORY_H 1
#define HAVE_STDINT_H 1
#define HAVE_STDLIB_H 1
#define HAVE_STRINGS_H 1
#define HAVE_STRING_H 1
#define HAVE_SYS_STAT_H 1
#define HAVE_SYS_TYPES_H 1
#define HAVE_UNISTD_H 1
#define PACKAGE "datamiplib3"
#define PACKAGE_BUGREPORT "https://projects.coin-or.org/BuildTools/"
#define PACKAGE_NAME "DataMiplib3"
#define PACKAGE_STRING "DataMiplib3 1.2.6"
#define PACKAGE_TARNAME "datamiplib3"
#define PACKAGE_VERSION "1.2.6"
#define STDC_HEADERS 1
#define VERSION "1.2.6"

configure: exit 0
